2025-08-08 17:46:12 [Thread-0] INFO  Timer - Timer ìŠ¤ë ˆë“œ ì‹œì‘
2025-08-08 17:46:35 [Thread-2] INFO  Timer - [TimerTask] ì‹œì‘ ì‹ í˜¸ ìˆ˜ì‹ 
2025-08-08 17:46:36 [Thread-0] DEBUG Timer - í‹±: 49s ë‚¨ìŒ
2025-08-08 17:46:37 [Thread-0] DEBUG Timer - í‹±: 48s ë‚¨ìŒ
2025-08-08 17:46:38 [Thread-0] DEBUG Timer - í‹±: 47s ë‚¨ìŒ
2025-08-08 17:46:39 [Thread-2] INFO  Timer - [TimerTask] ì¤‘ì§€ ì‹ í˜¸ ìˆ˜ì‹ 
2025-08-08 17:46:39 [Thread-0] DEBUG Timer - í‹±: 46s ë‚¨ìŒ
2025-08-08 17:47:15 [Thread-0] INFO  Timer - Timer ìŠ¤ë ˆë“œ ì‹œì‘
2025-08-08 17:48:07 [Thread-0] INFO  Timer - Timer ìŠ¤ë ˆë“œ ì‹œì‘
2025-08-08 17:48:19 [Thread-2] INFO  Timer - [TimerTask] ì‹œì‘ ì‹ í˜¸ ìˆ˜ì‹ 
2025-08-08 17:48:20 [Thread-0] DEBUG Timer - í‹±: 34s ë‚¨ìŒ
2025-08-08 17:48:21 [Thread-0] DEBUG Timer - í‹±: 33s ë‚¨ìŒ
2025-08-08 17:48:22 [Thread-0] DEBUG Timer - í‹±: 32s ë‚¨ìŒ
2025-08-08 17:48:23 [Thread-0] DEBUG Timer - í‹±: 31s ë‚¨ìŒ
2025-08-08 17:48:23 [Thread-2] INFO  Timer - [TimerTask] ì¤‘ì§€ ì‹ í˜¸ ìˆ˜ì‹ 
2025-08-08 17:48:24 [Thread-0] DEBUG Timer - í‹±: 30s ë‚¨ìŒ
2025-08-08 17:48:24 [Thread-2] INFO  Timer - [TimerTask] ì‹œì‘ ì‹ í˜¸ ìˆ˜ì‹ 
2025-08-08 17:48:25 [Thread-0] DEBUG Timer - í‹±: 29s ë‚¨ìŒ
2025-08-08 17:48:26 [Thread-0] DEBUG Timer - í‹±: 28s ë‚¨ìŒ
2025-08-08 17:48:27 [Thread-0] DEBUG Timer - í‹±: 27s ë‚¨ìŒ
2025-08-08 17:48:28 [Thread-0] DEBUG Timer - í‹±: 26s ë‚¨ìŒ
2025-08-08 17:48:30 [Thread-0] DEBUG Timer - í‹±: 25s ë‚¨ìŒ
2025-08-08 17:48:31 [Thread-0] DEBUG Timer - í‹±: 24s ë‚¨ìŒ
2025-08-08 17:48:31 [Thread-2] INFO  Timer - [TimerTask] ì¤‘ì§€ ì‹ í˜¸ ìˆ˜ì‹ 
2025-08-08 17:48:32 [Thread-0] DEBUG Timer - í‹±: 23s ë‚¨ìŒ
2025-08-08 17:48:39 [Thread-2] INFO  Timer - [TimerTask] ì‹œì‘ ì‹ í˜¸ ìˆ˜ì‹ 
2025-08-08 17:48:40 [Thread-0] DEBUG Timer - í‹±: 22s ë‚¨ìŒ
2025-08-08 17:48:41 [Thread-0] DEBUG Timer - í‹±: 21s ë‚¨ìŒ
2025-08-08 17:48:42 [Thread-0] DEBUG Timer - í‹±: 20s ë‚¨ìŒ
2025-08-08 17:48:43 [Thread-0] DEBUG Timer - í‹±: 19s ë‚¨ìŒ
2025-08-08 17:48:44 [Thread-0] DEBUG Timer - í‹±: 18s ë‚¨ìŒ
2025-08-08 17:48:45 [Thread-0] DEBUG Timer - í‹±: 17s ë‚¨ìŒ
2025-08-08 17:48:46 [Thread-0] DEBUG Timer - í‹±: 16s ë‚¨ìŒ
2025-08-08 17:48:47 [Thread-0] DEBUG Timer - í‹±: 15s ë‚¨ìŒ
2025-08-08 17:48:48 [Thread-0] DEBUG Timer - í‹±: 14s ë‚¨ìŒ
2025-08-08 17:48:49 [Thread-0] DEBUG Timer - í‹±: 13s ë‚¨ìŒ
2025-08-08 17:48:50 [Thread-0] DEBUG Timer - í‹±: 12s ë‚¨ìŒ
2025-08-08 17:48:52 [Thread-0] DEBUG Timer - í‹±: 11s ë‚¨ìŒ
2025-08-08 17:48:53 [Thread-0] DEBUG Timer - í‹±: 10s ë‚¨ìŒ
2025-08-08 17:48:54 [Thread-0] DEBUG Timer - í‹±: 9s ë‚¨ìŒ
2025-08-08 17:48:55 [Thread-0] DEBUG Timer - í‹±: 8s ë‚¨ìŒ
2025-08-08 17:48:56 [Thread-0] DEBUG Timer - í‹±: 7s ë‚¨ìŒ
2025-08-08 17:48:57 [Thread-0] DEBUG Timer - í‹±: 6s ë‚¨ìŒ
2025-08-08 17:48:58 [Thread-0] DEBUG Timer - í‹±: 5s ë‚¨ìŒ
2025-08-08 17:48:59 [Thread-0] DEBUG Timer - í‹±: 4s ë‚¨ìŒ
2025-08-08 17:49:00 [Thread-0] DEBUG Timer - í‹±: 3s ë‚¨ìŒ
2025-08-08 17:49:01 [Thread-0] DEBUG Timer - í‹±: 2s ë‚¨ìŒ
2025-08-08 17:49:02 [Thread-0] DEBUG Timer - í‹±: 1s ë‚¨ìŒ
2025-08-08 17:49:03 [Thread-0] DEBUG Timer - í‹±: 0s ë‚¨ìŒ
2025-08-08 17:49:03 [Thread-0] INFO  Timer - [TimerTask] ì¤‘ì§€ ì‹ í˜¸ ìˆ˜ì‹ 
2025-08-08 17:49:03 [Thread-0] INFO  Timer - ìš”ë¦¬ ì™„ë£Œ ì•ŒëŒ: íƒ€ì´ë¨¸ ì¢…ë£Œ.
2025-08-11 09:05:21 [Thread-0] INFO  Timer - Timer ìŠ¤ë ˆë“œ ì‹œì‘
2025-08-11 09:05:38 [Thread-2] INFO  Timer - [TimerTask] ì‹œì‘ ì‹ í˜¸ ìˆ˜ì‹ 
2025-08-11 09:05:39 [Thread-2] INFO  Timer - [TimerTask] ì¤‘ì§€ ì‹ í˜¸ ìˆ˜ì‹ 
2025-08-11 09:05:39 [Thread-0] DEBUG Timer - í‹±: 19s ë‚¨ìŒ
2025-08-11 09:05:45 [Thread-2] INFO  Timer - [TimerTask] ì‹œì‘ ì‹ í˜¸ ìˆ˜ì‹ 
2025-08-11 09:05:46 [Thread-0] DEBUG Timer - í‹±: 18s ë‚¨ìŒ
2025-08-11 09:05:47 [Thread-0] DEBUG Timer - í‹±: 17s ë‚¨ìŒ
2025-08-11 09:05:48 [Thread-0] DEBUG Timer - í‹±: 16s ë‚¨ìŒ
2025-08-11 09:05:49 [Thread-0] DEBUG Timer - í‹±: 15s ë‚¨ìŒ
2025-08-11 09:05:50 [Thread-0] DEBUG Timer - í‹±: 14s ë‚¨ìŒ
2025-08-11 09:05:51 [Thread-0] DEBUG Timer - í‹±: 13s ë‚¨ìŒ
2025-08-11 09:05:52 [Thread-0] DEBUG Timer - í‹±: 12s ë‚¨ìŒ
2025-08-11 09:05:53 [Thread-0] DEBUG Timer - í‹±: 11s ë‚¨ìŒ
2025-08-11 09:05:54 [Thread-0] DEBUG Timer - í‹±: 10s ë‚¨ìŒ
2025-08-11 09:05:55 [Thread-0] DEBUG Timer - í‹±: 9s ë‚¨ìŒ
2025-08-11 09:05:56 [Thread-0] DEBUG Timer - í‹±: 8s ë‚¨ìŒ
2025-08-11 09:05:57 [Thread-0] DEBUG Timer - í‹±: 7s ë‚¨ìŒ
2025-08-11 09:05:58 [Thread-0] DEBUG Timer - í‹±: 6s ë‚¨ìŒ
2025-08-11 09:10:09 [Thread-0] INFO  Timer - Timer ½º·¹µå ½ÃÀÛ
2025-08-11 09:10:30 [Thread-2] INFO  Timer - [TimerTask] ½ÃÀÛ ½ÅÈ£ ¼ö½Å
2025-08-11 09:10:31 [Thread-0] DEBUG Timer - Æ½: 19s ³²À½
2025-08-11 09:10:32 [Thread-0] DEBUG Timer - Æ½: 18s ³²À½
2025-08-11 09:10:32 [Thread-2] INFO  Timer - [TimerTask] ÁßÁö ½ÅÈ£ ¼ö½Å
2025-08-11 09:10:33 [Thread-0] DEBUG Timer - Æ½: 17s ³²À½
2025-08-11 09:10:48 [Thread-2] INFO  Timer - [TimerTask] ½ÃÀÛ ½ÅÈ£ ¼ö½Å
2025-08-11 09:10:49 [Thread-0] DEBUG Timer - Æ½: 16s ³²À½
2025-08-11 09:10:50 [Thread-0] DEBUG Timer - Æ½: 15s ³²À½
2025-08-11 09:10:51 [Thread-0] DEBUG Timer - Æ½: 14s ³²À½
2025-08-11 09:10:52 [Thread-0] DEBUG Timer - Æ½: 13s ³²À½
2025-08-11 09:10:53 [Thread-0] DEBUG Timer - Æ½: 12s ³²À½
2025-08-11 09:10:54 [Thread-2] INFO  Timer - [TimerTask] ÁßÁö ½ÅÈ£ ¼ö½Å
2025-08-11 09:10:54 [Thread-0] DEBUG Timer - Æ½: 11s ³²À½
2025-08-11 09:11:02 [Thread-2] INFO  Timer - [TimerTask] ½ÃÀÛ ½ÅÈ£ ¼ö½Å
2025-08-11 09:11:03 [Thread-0] DEBUG Timer - Æ½: 10s ³²À½
2025-08-11 09:11:04 [Thread-0] DEBUG Timer - Æ½: 9s ³²À½
2025-08-11 09:11:05 [Thread-0] DEBUG Timer - Æ½: 8s ³²À½
2025-08-11 09:11:06 [Thread-0] DEBUG Timer - Æ½: 7s ³²À½
2025-08-11 09:11:07 [Thread-0] DEBUG Timer - Æ½: 6s ³²À½
2025-08-11 09:11:08 [Thread-0] DEBUG Timer - Æ½: 5s ³²À½
2025-08-11 09:11:09 [Thread-0] DEBUG Timer - Æ½: 4s ³²À½
2025-08-11 09:11:10 [Thread-0] DEBUG Timer - Æ½: 3s ³²À½
2025-08-11 09:11:11 [Thread-0] DEBUG Timer - Æ½: 2s ³²À½
2025-08-11 09:11:12 [Thread-0] DEBUG Timer - Æ½: 1s ³²À½
2025-08-11 09:11:13 [Thread-0] DEBUG Timer - Æ½: 0s ³²À½
2025-08-11 09:11:13 [Thread-0] INFO  Timer - [TimerTask] ÁßÁö ½ÅÈ£ ¼ö½Å
2025-08-11 09:11:13 [Thread-0] INFO  Timer - ¿ä¸® ¿Ï·á ¾Ë¶÷: Å¸ÀÌ¸Ó Á¾·á.
2025-08-11 09:11:39 [Thread-0] INFO  Timer - Timer ½º·¹µå ½ÃÀÛ
2025-08-11 09:14:11 [Thread-2] INFO  Timer - [TimerTask] ½ÃÀÛ ½ÅÈ£ ¼ö½Å
2025-08-11 09:14:12 [Thread-0] DEBUG Timer - Æ½: 19s ³²À½
2025-08-11 09:14:13 [Thread-2] INFO  Timer - [TimerTask] ÁßÁö ½ÅÈ£ ¼ö½Å
2025-08-11 09:14:13 [Thread-0] DEBUG Timer - Æ½: 18s ³²À½
2025-08-11 09:15:25 [Thread-2] INFO  Timer - [TimerTask] ½ÃÀÛ ½ÅÈ£ ¼ö½Å
2025-08-11 09:15:26 [Thread-0] DEBUG Timer - Æ½: 17s ³²À½
2025-08-11 09:15:27 [Thread-0] DEBUG Timer - Æ½: 16s ³²À½
2025-08-11 09:15:28 [Thread-0] DEBUG Timer - Æ½: 15s ³²À½
2025-08-11 09:15:29 [Thread-0] DEBUG Timer - Æ½: 14s ³²À½
2025-08-11 09:15:30 [Thread-0] DEBUG Timer - Æ½: 13s ³²À½
2025-08-11 09:15:31 [Thread-0] DEBUG Timer - Æ½: 12s ³²À½
2025-08-11 09:15:32 [Thread-0] DEBUG Timer - Æ½: 11s ³²À½
2025-08-11 09:15:33 [Thread-0] DEBUG Timer - Æ½: 10s ³²À½
2025-08-11 09:15:33 [Thread-2] INFO  Timer - [TimerTask] ÁßÁö ½ÅÈ£ ¼ö½Å
2025-08-11 09:15:34 [Thread-0] DEBUG Timer - Æ½: 9s ³²À½
2025-08-11 09:17:05 [Thread-2] INFO  Timer - [TimerTask] ½ÃÀÛ ½ÅÈ£ ¼ö½Å
2025-08-11 09:17:06 [Thread-0] DEBUG Timer - Æ½: 8s ³²À½
2025-08-11 09:17:07 [Thread-0] DEBUG Timer - Æ½: 7s ³²À½
2025-08-11 09:17:08 [Thread-0] DEBUG Timer - Æ½: 6s ³²À½
2025-08-11 09:17:09 [Thread-0] DEBUG Timer - Æ½: 5s ³²À½
2025-08-11 09:17:10 [Thread-0] DEBUG Timer - Æ½: 4s ³²À½
2025-08-11 09:17:11 [Thread-0] DEBUG Timer - Æ½: 3s ³²À½
2025-08-11 09:17:12 [Thread-0] DEBUG Timer - Æ½: 2s ³²À½
2025-08-11 09:17:13 [Thread-0] DEBUG Timer - Æ½: 1s ³²À½
2025-08-11 09:17:14 [Thread-0] DEBUG Timer - Æ½: 0s ³²À½
2025-08-11 09:17:14 [Thread-0] INFO  Timer - [TimerTask] ÁßÁö ½ÅÈ£ ¼ö½Å
2025-08-11 09:17:14 [Thread-0] INFO  Timer - ¿ä¸® ¿Ï·á ¾Ë¶÷: Å¸ÀÌ¸Ó Á¾·á.
2025-08-11 09:31:14 [Thread-0] INFO  Timer - Timer ìŠ¤ë ˆë“œ ì‹œì‘
2025-08-11 09:38:33 [Thread-0] INFO  Timer - Timer ìŠ¤ë ˆë“œ ì‹œì‘
2025-08-11 10:21:35 [Thread-0] INFO  Timer - Timer ½º·¹µå ½ÃÀÛ
2025-08-11 10:21:41 [Thread-2] INFO  Timer - [TimerTask] ½ÃÀÛ ½ÅÈ£ ¼ö½Å
2025-08-11 10:21:42 [Thread-0] DEBUG Timer - Æ½: 29s ³²À½
2025-08-11 10:21:43 [Thread-0] DEBUG Timer - Æ½: 28s ³²À½
2025-08-11 10:21:44 [Thread-0] DEBUG Timer - Æ½: 27s ³²À½
2025-08-11 10:21:45 [Thread-0] DEBUG Timer - Æ½: 26s ³²À½
2025-08-11 10:21:46 [Thread-0] DEBUG Timer - Æ½: 25s ³²À½
2025-08-11 10:21:47 [Thread-0] DEBUG Timer - Æ½: 24s ³²À½
2025-08-11 10:21:48 [Thread-0] DEBUG Timer - Æ½: 23s ³²À½
2025-08-11 10:21:49 [Thread-2] INFO  Timer - [TimerTask] ÁßÁö ½ÅÈ£ ¼ö½Å
2025-08-11 10:21:49 [Thread-0] DEBUG Timer - Æ½: 22s ³²À½
2025-08-11 10:21:56 [Thread-2] INFO  Timer - [TimerTask] ½ÃÀÛ ½ÅÈ£ ¼ö½Å
2025-08-11 10:21:57 [Thread-0] DEBUG Timer - Æ½: 21s ³²À½
2025-08-11 10:21:58 [Thread-0] DEBUG Timer - Æ½: 20s ³²À½
2025-08-11 10:21:59 [Thread-0] DEBUG Timer - Æ½: 19s ³²À½
2025-08-11 10:22:00 [Thread-0] DEBUG Timer - Æ½: 18s ³²À½
2025-08-11 10:22:01 [Thread-0] DEBUG Timer - Æ½: 17s ³²À½
2025-08-11 10:22:02 [Thread-0] DEBUG Timer - Æ½: 16s ³²À½
2025-08-11 10:22:03 [Thread-0] DEBUG Timer - Æ½: 15s ³²À½
2025-08-11 10:22:04 [Thread-0] DEBUG Timer - Æ½: 14s ³²À½
2025-08-11 10:22:05 [Thread-0] DEBUG Timer - Æ½: 13s ³²À½
2025-08-11 10:22:06 [Thread-0] DEBUG Timer - Æ½: 12s ³²À½
2025-08-11 10:22:07 [Thread-0] DEBUG Timer - Æ½: 11s ³²À½
2025-08-11 10:22:08 [Thread-0] DEBUG Timer - Æ½: 10s ³²À½
2025-08-11 10:22:09 [Thread-0] DEBUG Timer - Æ½: 9s ³²À½
2025-08-11 10:22:10 [Thread-0] DEBUG Timer - Æ½: 8s ³²À½
2025-08-11 10:22:11 [Thread-0] DEBUG Timer - Æ½: 7s ³²À½
2025-08-11 10:22:12 [Thread-0] DEBUG Timer - Æ½: 6s ³²À½
2025-08-11 10:22:13 [Thread-0] DEBUG Timer - Æ½: 5s ³²À½
2025-08-11 10:22:14 [Thread-0] DEBUG Timer - Æ½: 4s ³²À½
2025-08-11 10:22:15 [Thread-0] DEBUG Timer - Æ½: 3s ³²À½
2025-08-11 10:22:16 [Thread-0] DEBUG Timer - Æ½: 2s ³²À½
2025-08-11 10:22:17 [Thread-0] DEBUG Timer - Æ½: 1s ³²À½
2025-08-11 10:22:18 [Thread-0] DEBUG Timer - Æ½: 0s ³²À½
2025-08-11 10:22:18 [Thread-0] INFO  Timer - [TimerTask] ÁßÁö ½ÅÈ£ ¼ö½Å
2025-08-11 10:22:18 [Thread-0] INFO  Timer - ¿ä¸® ¿Ï·á ¾Ë¶÷: Å¸ÀÌ¸Ó Á¾·á.
